<?xml version="1.0" encoding="UTF-8"?>
<!-- Generated by org.testng.reporters.JUnitXMLReporter -->
<testsuite ignored="0" hostname="DESKTOP-2J5KE05" failures="0" tests="4" name="Sanity" time="0.011" errors="0" timestamp="2023-07-07T17:30:46 IST">
  <testcase classname="TestNGRevision.Suit" name="TC1" time="0.001"/>
  <testcase classname="TestNGRevision.Suit" name="TC2" time="0.001"/>
  <testcase classname="TestNGRevision.Suit" name="TC3" time="0.002"/>
  <testcase classname="TestNGRevision.Suit" name="TC4" time="0.001"/>
</testsuite> <!-- Sanity -->
