<?xml version="1.0" encoding="UTF-8"?>
<!-- Generated by org.testng.reporters.JUnitXMLReporter -->
<testsuite ignored="0" hostname="DESKTOP-2J5KE05" failures="2" tests="8" name="Test" time="0.078" errors="0" timestamp="2023-07-07T17:10:27 IST">
  <testcase classname="listeners.MyTest2" name="x" time="0.008">
    <failure type="java.lang.AssertionError" message="null">
      <![CDATA[java.lang.AssertionError: null
at listeners.MyTest2.x(MyTest2.java:17)
at java.base/java.util.ArrayList.forEach(ArrayList.java:1511)
... Removed 29 stack frames]]>
    </failure>
  </testcase> <!-- x -->
  <testcase classname="listeners.MyTest2" name="z" time="0.002"/>
  <testcase classname="listeners.MyTest2" name="w" time="0.002"/>
  <testcase classname="listeners.MyTest2" name="y" time="0.0">
    <skipped/>
  </testcase> <!-- y -->
  <testcase classname="listeners.MyTest" name="a" time="0.001"/>
  <testcase classname="listeners.MyTest" name="b" time="0.001">
    <failure type="java.lang.AssertionError" message="null">
      <![CDATA[java.lang.AssertionError: null
at listeners.MyTest.b(MyTest.java:17)
at java.base/java.util.ArrayList.forEach(ArrayList.java:1511)
... Removed 29 stack frames]]>
    </failure>
  </testcase> <!-- b -->
  <testcase classname="listeners.MyTest" name="d" time="0.001"/>
  <testcase classname="listeners.MyTest" name="c" time="0.0">
    <skipped/>
  </testcase> <!-- c -->
</testsuite> <!-- Test -->
