<?xml version="1.0" encoding="UTF-8"?>
<testng-results ignored="0" total="8" passed="8" failed="0" skipped="0">
  <reporter-output>
  </reporter-output>
  <suite started-at="2023-07-07T17:30:46 IST" name="Suite" finished-at="2023-07-07T17:30:46 IST" duration-ms="134">
    <groups>
      <group name="Sanity">
        <method signature="Suit.TC1()[pri:0, instance:TestNGRevision.Suit@1de76cc7]" name="TC1" class="TestNGRevision.Suit"/>
        <method signature="Suit.TC2()[pri:0, instance:TestNGRevision.Suit@1de76cc7]" name="TC2" class="TestNGRevision.Suit"/>
        <method signature="Suit.TC1()[pri:0, instance:TestNGRevision.Suit@6574a52c]" name="TC1" class="TestNGRevision.Suit"/>
        <method signature="Suit.TC2()[pri:0, instance:TestNGRevision.Suit@6574a52c]" name="TC2" class="TestNGRevision.Suit"/>
      </group> <!-- Sanity -->
      <group name="Regression">
        <method signature="Suit.TC3()[pri:0, instance:TestNGRevision.Suit@1de76cc7]" name="TC3" class="TestNGRevision.Suit"/>
        <method signature="Suit.TC4()[pri:0, instance:TestNGRevision.Suit@1de76cc7]" name="TC4" class="TestNGRevision.Suit"/>
        <method signature="Suit.TC3()[pri:0, instance:TestNGRevision.Suit@6574a52c]" name="TC3" class="TestNGRevision.Suit"/>
        <method signature="Suit.TC4()[pri:0, instance:TestNGRevision.Suit@6574a52c]" name="TC4" class="TestNGRevision.Suit"/>
      </group> <!-- Regression -->
    </groups>
    <test started-at="2023-07-07T17:30:46 IST" name="Regression" finished-at="2023-07-07T17:30:46 IST" duration-ms="48">
      <class name="TestNGRevision.Suit">
        <test-method signature="TC1()[pri:0, instance:TestNGRevision.Suit@1de76cc7]" started-at="2023-07-07T17:30:46 IST" name="TC1" finished-at="2023-07-07T17:30:46 IST" duration-ms="7" status="PASS">
          <reporter-output>
          </reporter-output>
        </test-method> <!-- TC1 -->
        <test-method signature="TC2()[pri:0, instance:TestNGRevision.Suit@1de76cc7]" started-at="2023-07-07T17:30:46 IST" name="TC2" finished-at="2023-07-07T17:30:46 IST" duration-ms="1" status="PASS">
          <reporter-output>
          </reporter-output>
        </test-method> <!-- TC2 -->
        <test-method signature="TC3()[pri:0, instance:TestNGRevision.Suit@1de76cc7]" started-at="2023-07-07T17:30:46 IST" name="TC3" finished-at="2023-07-07T17:30:46 IST" duration-ms="1" status="PASS">
          <reporter-output>
          </reporter-output>
        </test-method> <!-- TC3 -->
        <test-method signature="TC4()[pri:0, instance:TestNGRevision.Suit@1de76cc7]" started-at="2023-07-07T17:30:46 IST" name="TC4" finished-at="2023-07-07T17:30:46 IST" duration-ms="1" status="PASS">
          <reporter-output>
          </reporter-output>
        </test-method> <!-- TC4 -->
      </class> <!-- TestNGRevision.Suit -->
    </test> <!-- Regression -->
    <test started-at="2023-07-07T17:30:46 IST" name="Sanity" finished-at="2023-07-07T17:30:46 IST" duration-ms="11">
      <class name="TestNGRevision.Suit">
        <test-method signature="TC1()[pri:0, instance:TestNGRevision.Suit@6574a52c]" started-at="2023-07-07T17:30:46 IST" name="TC1" finished-at="2023-07-07T17:30:46 IST" duration-ms="1" status="PASS">
          <reporter-output>
          </reporter-output>
        </test-method> <!-- TC1 -->
        <test-method signature="TC2()[pri:0, instance:TestNGRevision.Suit@6574a52c]" started-at="2023-07-07T17:30:46 IST" name="TC2" finished-at="2023-07-07T17:30:46 IST" duration-ms="1" status="PASS">
          <reporter-output>
          </reporter-output>
        </test-method> <!-- TC2 -->
        <test-method signature="TC3()[pri:0, instance:TestNGRevision.Suit@6574a52c]" started-at="2023-07-07T17:30:46 IST" name="TC3" finished-at="2023-07-07T17:30:46 IST" duration-ms="2" status="PASS">
          <reporter-output>
          </reporter-output>
        </test-method> <!-- TC3 -->
        <test-method signature="TC4()[pri:0, instance:TestNGRevision.Suit@6574a52c]" started-at="2023-07-07T17:30:46 IST" name="TC4" finished-at="2023-07-07T17:30:46 IST" duration-ms="1" status="PASS">
          <reporter-output>
          </reporter-output>
        </test-method> <!-- TC4 -->
      </class> <!-- TestNGRevision.Suit -->
    </test> <!-- Sanity -->
  </suite> <!-- Suite -->
</testng-results>
